Analysis & Synthesis report for IP_LCD_control
Fri Apr 25 20:01:46 2025
Quartus Prime Version 23.1std.1 Build 993 05/14/2024 SC Lite Edition


---------------------
; Table of Contents ;
---------------------
  1. Legal Notice
  2. Analysis & Synthesis Summary
  3. Analysis & Synthesis Settings
  4. Parallel Compilation
  5. Analysis & Synthesis Source Files Read
  6. Analysis & Synthesis Resource Usage Summary
  7. Analysis & Synthesis Resource Utilization by Entity
  8. State Machine - |IP_LCD_control|state
  9. Registers Removed During Synthesis
 10. General Register Statistics
 11. Multiplexer Restructuring Statistics (Restructuring Performed)
 12. Parameter Settings for User Entity Instance: Top-level Entity: |IP_LCD_control
 13. Post-Synthesis Netlist Statistics for Top Partition
 14. Elapsed Time Per Partition
 15. Analysis & Synthesis Messages



----------------
; Legal Notice ;
----------------
Copyright (C) 2024  Intel Corporation. All rights reserved.
Your use of Intel Corporation's design tools, logic functions 
and other software and tools, and any partner logic 
functions, and any output files from any of the foregoing 
(including device programming or simulation files), and any 
associated documentation or information are expressly subject 
to the terms and conditions of the Intel Program License 
Subscription Agreement, the Intel Quartus Prime License Agreement,
the Intel FPGA IP License Agreement, or other applicable license
agreement, including, without limitation, that your use is for
the sole purpose of programming logic devices manufactured by
Intel and sold by Intel or its authorized distributors.  Please
refer to the applicable agreement for further details, at
https://fpgasoftware.intel.com/eula.



+-------------------------------------------------------------------------------------+
; Analysis & Synthesis Summary                                                        ;
+------------------------------------+------------------------------------------------+
; Analysis & Synthesis Status        ; Successful - Fri Apr 25 20:01:46 2025          ;
; Quartus Prime Version              ; 23.1std.1 Build 993 05/14/2024 SC Lite Edition ;
; Revision Name                      ; IP_LCD_control                                 ;
; Top-level Entity Name              ; IP_LCD_control                                 ;
; Family                             ; Cyclone 10 LP                                  ;
; Total logic elements               ; 152                                            ;
;     Total combinational functions  ; 150                                            ;
;     Dedicated logic registers      ; 65                                             ;
; Total registers                    ; 65                                             ;
; Total pins                         ; 26                                             ;
; Total virtual pins                 ; 0                                              ;
; Total memory bits                  ; 0                                              ;
; Embedded Multiplier 9-bit elements ; 0                                              ;
; Total PLLs                         ; 0                                              ;
+------------------------------------+------------------------------------------------+


+------------------------------------------------------------------------------------------------------------+
; Analysis & Synthesis Settings                                                                              ;
+------------------------------------------------------------------+--------------------+--------------------+
; Option                                                           ; Setting            ; Default Value      ;
+------------------------------------------------------------------+--------------------+--------------------+
; Device                                                           ; 10CL055YF484C6G    ;                    ;
; Top-level entity name                                            ; IP_LCD_control     ; IP_LCD_control     ;
; Family name                                                      ; Cyclone 10 LP      ; Cyclone V          ;
; Use smart compilation                                            ; Off                ; Off                ;
; Enable parallel Assembler and Timing Analyzer during compilation ; On                 ; On                 ;
; Enable compact report table                                      ; Off                ; Off                ;
; Restructure Multiplexers                                         ; Auto               ; Auto               ;
; Create Debugging Nodes for IP Cores                              ; Off                ; Off                ;
; Preserve fewer node names                                        ; On                 ; On                 ;
; Intel FPGA IP Evaluation Mode                                    ; Enable             ; Enable             ;
; Verilog Version                                                  ; Verilog_2001       ; Verilog_2001       ;
; VHDL Version                                                     ; VHDL_1993          ; VHDL_1993          ;
; State Machine Processing                                         ; Auto               ; Auto               ;
; Safe State Machine                                               ; Off                ; Off                ;
; Extract Verilog State Machines                                   ; On                 ; On                 ;
; Extract VHDL State Machines                                      ; On                 ; On                 ;
; Ignore Verilog initial constructs                                ; Off                ; Off                ;
; Iteration limit for constant Verilog loops                       ; 5000               ; 5000               ;
; Iteration limit for non-constant Verilog loops                   ; 250                ; 250                ;
; Add Pass-Through Logic to Inferred RAMs                          ; On                 ; On                 ;
; Infer RAMs from Raw Logic                                        ; On                 ; On                 ;
; Parallel Synthesis                                               ; On                 ; On                 ;
; DSP Block Balancing                                              ; Auto               ; Auto               ;
; NOT Gate Push-Back                                               ; On                 ; On                 ;
; Power-Up Don't Care                                              ; On                 ; On                 ;
; Remove Redundant Logic Cells                                     ; Off                ; Off                ;
; Remove Duplicate Registers                                       ; On                 ; On                 ;
; Ignore CARRY Buffers                                             ; Off                ; Off                ;
; Ignore CASCADE Buffers                                           ; Off                ; Off                ;
; Ignore GLOBAL Buffers                                            ; Off                ; Off                ;
; Ignore ROW GLOBAL Buffers                                        ; Off                ; Off                ;
; Ignore LCELL Buffers                                             ; Off                ; Off                ;
; Ignore SOFT Buffers                                              ; On                 ; On                 ;
; Limit AHDL Integers to 32 Bits                                   ; Off                ; Off                ;
; Optimization Technique                                           ; Balanced           ; Balanced           ;
; Carry Chain Length                                               ; 70                 ; 70                 ;
; Auto Carry Chains                                                ; On                 ; On                 ;
; Auto Open-Drain Pins                                             ; On                 ; On                 ;
; Perform WYSIWYG Primitive Resynthesis                            ; Off                ; Off                ;
; Auto ROM Replacement                                             ; On                 ; On                 ;
; Auto RAM Replacement                                             ; On                 ; On                 ;
; Auto DSP Block Replacement                                       ; On                 ; On                 ;
; Auto Shift Register Replacement                                  ; Auto               ; Auto               ;
; Allow Shift Register Merging across Hierarchies                  ; Auto               ; Auto               ;
; Auto Clock Enable Replacement                                    ; On                 ; On                 ;
; Strict RAM Replacement                                           ; Off                ; Off                ;
; Allow Synchronous Control Signals                                ; On                 ; On                 ;
; Force Use of Synchronous Clear Signals                           ; Off                ; Off                ;
; Auto RAM Block Balancing                                         ; On                 ; On                 ;
; Auto RAM to Logic Cell Conversion                                ; Off                ; Off                ;
; Auto Resource Sharing                                            ; Off                ; Off                ;
; Allow Any RAM Size For Recognition                               ; Off                ; Off                ;
; Allow Any ROM Size For Recognition                               ; Off                ; Off                ;
; Allow Any Shift Register Size For Recognition                    ; Off                ; Off                ;
; Use LogicLock Constraints during Resource Balancing              ; On                 ; On                 ;
; Ignore translate_off and synthesis_off directives                ; Off                ; Off                ;
; Timing-Driven Synthesis                                          ; On                 ; On                 ;
; Report Parameter Settings                                        ; On                 ; On                 ;
; Report Source Assignments                                        ; On                 ; On                 ;
; Report Connectivity Checks                                       ; On                 ; On                 ;
; Ignore Maximum Fan-Out Assignments                               ; Off                ; Off                ;
; Synchronization Register Chain Length                            ; 2                  ; 2                  ;
; Power Optimization During Synthesis                              ; Normal compilation ; Normal compilation ;
; HDL message level                                                ; Level2             ; Level2             ;
; Suppress Register Optimization Related Messages                  ; Off                ; Off                ;
; Number of Removed Registers Reported in Synthesis Report         ; 5000               ; 5000               ;
; Number of Swept Nodes Reported in Synthesis Report               ; 5000               ; 5000               ;
; Number of Inverted Registers Reported in Synthesis Report        ; 100                ; 100                ;
; Clock MUX Protection                                             ; On                 ; On                 ;
; Auto Gated Clock Conversion                                      ; Off                ; Off                ;
; Block Design Naming                                              ; Auto               ; Auto               ;
; SDC constraint protection                                        ; Off                ; Off                ;
; Synthesis Effort                                                 ; Auto               ; Auto               ;
; Shift Register Replacement - Allow Asynchronous Clear Signal     ; On                 ; On                 ;
; Pre-Mapping Resynthesis Optimization                             ; Off                ; Off                ;
; Analysis & Synthesis Message Level                               ; Medium             ; Medium             ;
; Disable Register Merging Across Hierarchies                      ; Auto               ; Auto               ;
; Resource Aware Inference For Block RAM                           ; On                 ; On                 ;
+------------------------------------------------------------------+--------------------+--------------------+


+------------------------------------------+
; Parallel Compilation                     ;
+----------------------------+-------------+
; Processors                 ; Number      ;
+----------------------------+-------------+
; Number detected on machine ; 8           ;
; Maximum allowed            ; 4           ;
;                            ;             ;
; Average used               ; 1.00        ;
; Maximum used               ; 4           ;
;                            ;             ;
; Usage by Processor         ; % Time Used ;
;     Processor 1            ; 100.0%      ;
;     Processors 2-4         ;   0.1%      ;
+----------------------------+-------------+


+---------------------------------------------------------------------------------------------------------------------------------------------------------------------------------------------------------------------------+
; Analysis & Synthesis Source Files Read                                                                                                                                                                                    ;
+----------------------------------+-----------------+------------------------------+-----------------------------------------------------------------------------------------------------------------------------+---------+
; File Name with User-Entered Path ; Used in Netlist ; File Type                    ; File Name with Absolute Path                                                                                                ; Library ;
+----------------------------------+-----------------+------------------------------+-----------------------------------------------------------------------------------------------------------------------------+---------+
; IP_LCD_control.sv                ; yes             ; User SystemVerilog HDL File  ; /home/noname_lnin/Documents/project_tiny/VD_312/Viterbi_decoding/VD_flowOpenLane/04_synth/IP_LCD/03_synth/IP_LCD_control.sv ;         ;
+----------------------------------+-----------------+------------------------------+-----------------------------------------------------------------------------------------------------------------------------+---------+


+-----------------------------------------------------------+
; Analysis & Synthesis Resource Usage Summary               ;
+---------------------------------------------+-------------+
; Resource                                    ; Usage       ;
+---------------------------------------------+-------------+
; Estimated Total logic elements              ; 152         ;
;                                             ;             ;
; Total combinational functions               ; 150         ;
; Logic element usage by number of LUT inputs ;             ;
;     -- 4 input functions                    ; 79          ;
;     -- 3 input functions                    ; 29          ;
;     -- <=2 input functions                  ; 42          ;
;                                             ;             ;
; Logic elements by mode                      ;             ;
;     -- normal mode                          ; 119         ;
;     -- arithmetic mode                      ; 31          ;
;                                             ;             ;
; Total registers                             ; 65          ;
;     -- Dedicated logic registers            ; 65          ;
;     -- I/O registers                        ; 0           ;
;                                             ;             ;
; I/O pins                                    ; 26          ;
;                                             ;             ;
; Embedded Multiplier 9-bit elements          ; 0           ;
;                                             ;             ;
; Maximum fan-out node                        ; i_clk~input ;
; Maximum fan-out                             ; 65          ;
; Total fan-out                               ; 802         ;
; Average fan-out                             ; 3.00        ;
+---------------------------------------------+-------------+


+-------------------------------------------------------------------------------------------------------------------------------------------------------------------------------------------------------------+
; Analysis & Synthesis Resource Utilization by Entity                                                                                                                                                         ;
+----------------------------+---------------------+---------------------------+-------------+--------------+---------+-----------+------+--------------+---------------------+----------------+--------------+
; Compilation Hierarchy Node ; Combinational ALUTs ; Dedicated Logic Registers ; Memory Bits ; DSP Elements ; DSP 9x9 ; DSP 18x18 ; Pins ; Virtual Pins ; Full Hierarchy Name ; Entity Name    ; Library Name ;
+----------------------------+---------------------+---------------------------+-------------+--------------+---------+-----------+------+--------------+---------------------+----------------+--------------+
; |IP_LCD_control            ; 150 (150)           ; 65 (65)                   ; 0           ; 0            ; 0       ; 0         ; 26   ; 0            ; |IP_LCD_control     ; IP_LCD_control ; work         ;
+----------------------------+---------------------+---------------------------+-------------+--------------+---------+-----------+------+--------------+---------------------+----------------+--------------+
Note: For table entries with two numbers listed, the numbers in parentheses indicate the number of resources of the given type used by the specific entity alone. The numbers listed outside of parentheses indicate the total resources of the given type used by the specific entity and all of its sub-entities in the hierarchy.


Encoding Type:  One-Hot
+------------------------------------------------------------------------------------------------------------------------------------------------------------------------------------------------------------------------------------------------------------------+
; State Machine - |IP_LCD_control|state                                                                                                                                                                                                                            ;
+---------------------------+-----------------+---------------------+----------------+----------------------+-----------------+---------------------------+----------------------+----------------------+----------------------+-----------------+-----------------+
; Name                      ; state.MODE_DONE ; state.MODE_CMD_WAIT ; state.MODE_CMD ; state.MODE_DATA_WAIT ; state.MODE_DATA ; state.MODE_SETCURSOR_WAIT ; state.MODE_SETCURSOR ; state.MODE_INIT_STEP ; state.MODE_INIT_WAIT ; state.MODE_INIT ; state.MODE_IDLE ;
+---------------------------+-----------------+---------------------+----------------+----------------------+-----------------+---------------------------+----------------------+----------------------+----------------------+-----------------+-----------------+
; state.MODE_IDLE           ; 0               ; 0                   ; 0              ; 0                    ; 0               ; 0                         ; 0                    ; 0                    ; 0                    ; 0               ; 0               ;
; state.MODE_INIT           ; 0               ; 0                   ; 0              ; 0                    ; 0               ; 0                         ; 0                    ; 0                    ; 0                    ; 1               ; 1               ;
; state.MODE_INIT_WAIT      ; 0               ; 0                   ; 0              ; 0                    ; 0               ; 0                         ; 0                    ; 0                    ; 1                    ; 0               ; 1               ;
; state.MODE_INIT_STEP      ; 0               ; 0                   ; 0              ; 0                    ; 0               ; 0                         ; 0                    ; 1                    ; 0                    ; 0               ; 1               ;
; state.MODE_SETCURSOR      ; 0               ; 0                   ; 0              ; 0                    ; 0               ; 0                         ; 1                    ; 0                    ; 0                    ; 0               ; 1               ;
; state.MODE_SETCURSOR_WAIT ; 0               ; 0                   ; 0              ; 0                    ; 0               ; 1                         ; 0                    ; 0                    ; 0                    ; 0               ; 1               ;
; state.MODE_DATA           ; 0               ; 0                   ; 0              ; 0                    ; 1               ; 0                         ; 0                    ; 0                    ; 0                    ; 0               ; 1               ;
; state.MODE_DATA_WAIT      ; 0               ; 0                   ; 0              ; 1                    ; 0               ; 0                         ; 0                    ; 0                    ; 0                    ; 0               ; 1               ;
; state.MODE_CMD            ; 0               ; 0                   ; 1              ; 0                    ; 0               ; 0                         ; 0                    ; 0                    ; 0                    ; 0               ; 1               ;
; state.MODE_CMD_WAIT       ; 0               ; 1                   ; 0              ; 0                    ; 0               ; 0                         ; 0                    ; 0                    ; 0                    ; 0               ; 1               ;
; state.MODE_DONE           ; 1               ; 0                   ; 0              ; 0                    ; 0               ; 0                         ; 0                    ; 0                    ; 0                    ; 0               ; 1               ;
+---------------------------+-----------------+---------------------+----------------+----------------------+-----------------+---------------------------+----------------------+----------------------+----------------------+-----------------+-----------------+


+--------------------------------------------------------------------------------+
; Registers Removed During Synthesis                                             ;
+---------------------------------------+----------------------------------------+
; Register name                         ; Reason for Removal                     ;
+---------------------------------------+----------------------------------------+
; t_cmd_data[4,5]                       ; Stuck at GND due to stuck port data_in ;
; o_LCD_RW~reg0                         ; Stuck at GND due to stuck port data_in ;
; state~4                               ; Lost fanout                            ;
; state~5                               ; Lost fanout                            ;
; state~6                               ; Lost fanout                            ;
; state~7                               ; Lost fanout                            ;
; state~8                               ; Lost fanout                            ;
; Total Number of Removed Registers = 8 ;                                        ;
+---------------------------------------+----------------------------------------+


+------------------------------------------------------+
; General Register Statistics                          ;
+----------------------------------------------+-------+
; Statistic                                    ; Value ;
+----------------------------------------------+-------+
; Total registers                              ; 65    ;
; Number of registers using Synchronous Clear  ; 32    ;
; Number of registers using Synchronous Load   ; 6     ;
; Number of registers using Asynchronous Clear ; 65    ;
; Number of registers using Asynchronous Load  ; 0     ;
; Number of registers using Clock Enable       ; 40    ;
; Number of registers using Preset             ; 0     ;
+----------------------------------------------+-------+


+--------------------------------------------------------------------------------------------------------------------------------------------------+
; Multiplexer Restructuring Statistics (Restructuring Performed)                                                                                   ;
+--------------------+-----------+---------------+----------------------+------------------------+------------+------------------------------------+
; Multiplexer Inputs ; Bus Width ; Baseline Area ; Area if Restructured ; Saving if Restructured ; Registered ; Example Multiplexer Output         ;
+--------------------+-----------+---------------+----------------------+------------------------+------------+------------------------------------+
; 5:1                ; 2 bits    ; 6 LEs         ; 4 LEs                ; 2 LEs                  ; Yes        ; |IP_LCD_control|o_LCD_DATA[6]~reg0 ;
; 19:1               ; 2 bits    ; 24 LEs        ; 6 LEs                ; 18 LEs                 ; Yes        ; |IP_LCD_control|o_LCD_DATA[4]~reg0 ;
; 19:1               ; 4 bits    ; 48 LEs        ; 24 LEs               ; 24 LEs                 ; Yes        ; |IP_LCD_control|o_LCD_DATA[2]~reg0 ;
; 22:1               ; 32 bits   ; 448 LEs       ; 32 LEs               ; 416 LEs                ; Yes        ; |IP_LCD_control|delay_count[15]    ;
+--------------------+-----------+---------------+----------------------+------------------------+------------+------------------------------------+


+--------------------------------------------------------------------------------+
; Parameter Settings for User Entity Instance: Top-level Entity: |IP_LCD_control ;
+----------------+----------+----------------------------------------------------+
; Parameter Name ; Value    ; Type                                               ;
+----------------+----------+----------------------------------------------------+
; SIZE_DATA      ; 8        ; Signed Integer                                     ;
; SIZE_FUNC      ; 2        ; Signed Integer                                     ;
; CLK_FREQ       ; 50000000 ; Signed Integer                                     ;
+----------------+----------+----------------------------------------------------+
Note: In order to hide this table in the UI and the text report file, please set the "Show Parameter Settings in Synthesis Report" option in "Analysis and Synthesis Settings -> More Settings" to "Off".


+-----------------------------------------------------+
; Post-Synthesis Netlist Statistics for Top Partition ;
+-----------------------+-----------------------------+
; Type                  ; Count                       ;
+-----------------------+-----------------------------+
; boundary_port         ; 26                          ;
; cycloneiii_ff         ; 65                          ;
;     CLR               ; 23                          ;
;     CLR SLD           ; 2                           ;
;     ENA CLR           ; 4                           ;
;     ENA CLR SCLR      ; 32                          ;
;     ENA CLR SLD       ; 4                           ;
; cycloneiii_lcell_comb ; 152                         ;
;     arith             ; 31                          ;
;         2 data inputs ; 31                          ;
;     normal            ; 121                         ;
;         0 data inputs ; 2                           ;
;         1 data inputs ; 1                           ;
;         2 data inputs ; 10                          ;
;         3 data inputs ; 29                          ;
;         4 data inputs ; 79                          ;
;                       ;                             ;
; Max LUT depth         ; 9.00                        ;
; Average LUT depth     ; 4.75                        ;
+-----------------------+-----------------------------+


+-------------------------------+
; Elapsed Time Per Partition    ;
+----------------+--------------+
; Partition Name ; Elapsed Time ;
+----------------+--------------+
; Top            ; 00:00:00     ;
+----------------+--------------+


+-------------------------------+
; Analysis & Synthesis Messages ;
+-------------------------------+
Info: *******************************************************************
Info: Running Quartus Prime Analysis & Synthesis
    Info: Version 23.1std.1 Build 993 05/14/2024 SC Lite Edition
    Info: Processing started: Fri Apr 25 20:01:37 2025
Info: Command: quartus_map --read_settings_files=on --write_settings_files=off IP_LCD_control -c IP_LCD_control
Warning (18236): Number of processors has not been specified which may cause overloading on shared machines.  Set the global assignment NUM_PARALLEL_PROCESSORS in your QSF to an appropriate value for best performance.
Info (20030): Parallel compilation is enabled and will use 4 of the 4 processors detected
Info (12021): Found 1 design units, including 1 entities, in source file IP_LCD_control.sv
    Info (12023): Found entity 1: IP_LCD_control File: /home/noname_lnin/Documents/project_tiny/VD_312/Viterbi_decoding/VD_flowOpenLane/04_synth/IP_LCD/03_synth/IP_LCD_control.sv Line: 1
Warning (10222): Verilog HDL Parameter Declaration warning at IP_LCD_control.sv(23): Parameter Declaration in module "IP_LCD_control" behaves as a Local Parameter Declaration because the module has a Module Parameter Port List File: /home/noname_lnin/Documents/project_tiny/VD_312/Viterbi_decoding/VD_flowOpenLane/04_synth/IP_LCD/03_synth/IP_LCD_control.sv Line: 23
Warning (10222): Verilog HDL Parameter Declaration warning at IP_LCD_control.sv(37): Parameter Declaration in module "IP_LCD_control" behaves as a Local Parameter Declaration because the module has a Module Parameter Port List File: /home/noname_lnin/Documents/project_tiny/VD_312/Viterbi_decoding/VD_flowOpenLane/04_synth/IP_LCD/03_synth/IP_LCD_control.sv Line: 37
Info (12127): Elaborating entity "IP_LCD_control" for the top level hierarchy
Warning (10230): Verilog HDL assignment warning at IP_LCD_control.sv(202): truncated value with size 32 to match size of target (4) File: /home/noname_lnin/Documents/project_tiny/VD_312/Viterbi_decoding/VD_flowOpenLane/04_synth/IP_LCD/03_synth/IP_LCD_control.sv Line: 202
Warning (10230): Verilog HDL assignment warning at IP_LCD_control.sv(209): truncated value with size 32 to match size of target (4) File: /home/noname_lnin/Documents/project_tiny/VD_312/Viterbi_decoding/VD_flowOpenLane/04_synth/IP_LCD/03_synth/IP_LCD_control.sv Line: 209
Warning (10230): Verilog HDL assignment warning at IP_LCD_control.sv(216): truncated value with size 32 to match size of target (4) File: /home/noname_lnin/Documents/project_tiny/VD_312/Viterbi_decoding/VD_flowOpenLane/04_synth/IP_LCD/03_synth/IP_LCD_control.sv Line: 216
Warning (10230): Verilog HDL assignment warning at IP_LCD_control.sv(223): truncated value with size 32 to match size of target (4) File: /home/noname_lnin/Documents/project_tiny/VD_312/Viterbi_decoding/VD_flowOpenLane/04_synth/IP_LCD/03_synth/IP_LCD_control.sv Line: 223
Warning (10230): Verilog HDL assignment warning at IP_LCD_control.sv(230): truncated value with size 32 to match size of target (4) File: /home/noname_lnin/Documents/project_tiny/VD_312/Viterbi_decoding/VD_flowOpenLane/04_synth/IP_LCD/03_synth/IP_LCD_control.sv Line: 230
Warning (10230): Verilog HDL assignment warning at IP_LCD_control.sv(237): truncated value with size 32 to match size of target (4) File: /home/noname_lnin/Documents/project_tiny/VD_312/Viterbi_decoding/VD_flowOpenLane/04_synth/IP_LCD/03_synth/IP_LCD_control.sv Line: 237
Warning (10230): Verilog HDL assignment warning at IP_LCD_control.sv(244): truncated value with size 32 to match size of target (4) File: /home/noname_lnin/Documents/project_tiny/VD_312/Viterbi_decoding/VD_flowOpenLane/04_synth/IP_LCD/03_synth/IP_LCD_control.sv Line: 244
Warning (10240): Verilog HDL Always Construct warning at IP_LCD_control.sv(150): inferring latch(es) for variable "o_LCD_ON", which holds its previous value in one or more paths through the always construct File: /home/noname_lnin/Documents/project_tiny/VD_312/Viterbi_decoding/VD_flowOpenLane/04_synth/IP_LCD/03_synth/IP_LCD_control.sv Line: 150
Info (10041): Inferred latch for "o_LCD_ON" at IP_LCD_control.sv(150) File: /home/noname_lnin/Documents/project_tiny/VD_312/Viterbi_decoding/VD_flowOpenLane/04_synth/IP_LCD/03_synth/IP_LCD_control.sv Line: 150
Warning (13024): Output pins are stuck at VCC or GND
    Warning (13410): Pin "o_LCD_RW" is stuck at GND File: /home/noname_lnin/Documents/project_tiny/VD_312/Viterbi_decoding/VD_flowOpenLane/04_synth/IP_LCD/03_synth/IP_LCD_control.sv Line: 12
    Warning (13410): Pin "o_LCD_ON" is stuck at VCC File: /home/noname_lnin/Documents/project_tiny/VD_312/Viterbi_decoding/VD_flowOpenLane/04_synth/IP_LCD/03_synth/IP_LCD_control.sv Line: 14
Info (286030): Timing-Driven Synthesis is running
Info (17049): 5 registers lost all their fanouts during netlist optimizations.
Info (16010): Generating hard_block partition "hard_block:auto_generated_inst"
    Info (16011): Adding 0 node(s), including 0 DDIO, 0 PLL, 0 transceiver and 0 LCELL
Info (21057): Implemented 178 device resources after synthesis - the final resource count might be different
    Info (21058): Implemented 12 input pins
    Info (21059): Implemented 14 output pins
    Info (21061): Implemented 152 logic cells
Info: Quartus Prime Analysis & Synthesis was successful. 0 errors, 14 warnings
    Info: Peak virtual memory: 391 megabytes
    Info: Processing ended: Fri Apr 25 20:01:46 2025
    Info: Elapsed time: 00:00:09
    Info: Total CPU time (on all processors): 00:00:23


